android/app/build/outputs/logs/manifest-merger-debug-report.txt
-- Merging decision tree log ---
manifest
ADDED from src\main\AndroidManifest.xml:1:1-21:12
INJECTED from src\main\AndroidManifest.xml:1:1-21:12
INJECTED from src\main\AndroidManifest.xml:1:1-21:12
INJECTED from src\main\AndroidManifest.xml:1:1-21:12
	package
		INJECTED from src\main\AndroidManifest.xml
	android:versionName
		INJECTED from src\main\AndroidManifest.xml
	android:versionCode
		INJECTED from src\main\AndroidManifest.xml
	xmlns:android
		ADDED from src\main\AndroidManifest.xml:1:11-69
uses-permission#android.permission.INTERNET
ADDED from src\main\AndroidManifest.xml:2:5-67
	android:name
		ADDED from src\main\AndroidManifest.xml:2:22-64
application
ADDED from src\main\AndroidManifest.xml:4:5-20:19
INJECTED from src\main\AndroidManifest.xml:4:5-20:19
	android:extractNativeLibs
		INJECTED from src\main\AndroidManifest.xml
	android:supportsRtl
		ADDED from src\main\AndroidManifest.xml:11:9-35
	android:label
		ADDED from src\main\AndroidManifest.xml:6:9-34
	android:roundIcon
		ADDED from src\main\AndroidManifest.xml:8:9-54
	android:icon
		ADDED from src\main\AndroidManifest.xml:7:9-43
	android:allowBackup
		ADDED from src\main\AndroidManifest.xml:10:9-36
	android:theme
		ADDED from src\main\AndroidManifest.xml:5:9-40
	android:usesCleartextTraffic
		ADDED from src\main\AndroidManifest.xml:9:9-45
activity#com.taskforcejackal.pteropanel.MainActivity
ADDED from src\main\AndroidManifest.xml:12:9-19:20
	android:exported
		ADDED from src\main\AndroidManifest.xml:14:13-36
	android:name
		ADDED from src\main\AndroidManifest.xml:13:13-41
intent-filter#action:name:android.intent.action.MAIN+category:name:android.intent.category.LAUNCHER
ADDED from src\main\AndroidManifest.xml:15:13-18:29
action#android.intent.action.MAIN
ADDED from src\main\AndroidManifest.xml:16:17-69
	android:name
		ADDED from src\main\AndroidManifest.xml:16:25-66
category#android.intent.category.LAUNCHER
ADDED from src\main\AndroidManifest.xml:17:17-77
	android:name
		ADDED from src\main\AndroidManifest.xml:17:27-74
uses-sdk
INJECTED from src\main\AndroidManifest.xml reason: use-sdk injection requested
INJECTED from src\main\AndroidManifest.xml
INJECTED from src\main\AndroidManifest.xml
	android:targetSdkVersion
		INJECTED from src\main\AndroidManifest.xml
	android:minSdkVersion
		INJECTED from src\main\AndroidManifest.xml